/*C1*/SET SCHEMA SYSTEM_LOBS
INSERT INTO BLOCKS VALUES(0,2147483647,0)
COMMIT
/*C2*/SET SCHEMA PUBLIC
DISCONNECT
/*C4*/SET SCHEMA PUBLIC
create table Barang (barang_id bigint generated by default as identity (start with 1), partname varchar(255), partno varchar(255), primary key (barang_id))
create table Transaksi (transaksi_id bigint generated by default as identity (start with 1), jenis varchar(255), primary key (transaksi_id))
create table TransaksiBarang (id bigint generated by default as identity (start with 1), quantity bigint, tanggal timestamp, barang_id bigint, transaksi_id bigint, primary key (id))
create table UserRoles (id bigint generated by default as identity (start with 1), role varchar(255), username varchar(255), primary key (id))
create table Users (id bigint generated by default as identity (start with 1), enable varchar(255), password varchar(255), username varchar(255), primary key (id))
alter table TransaksiBarang add constraint FK_626b136b2aa24e549314c25f005 foreign key (barang_id) references Barang
alter table TransaksiBarang add constraint FK_28683e9377594f519eb13d8d391 foreign key (transaksi_id) references Transaksi
alter table Users add constraint UK_65c79c0c58244fad979bc09318a unique (username)
INSERT INTO USERS VALUES(1,'TRUE','han123','han')
INSERT INTO USERROLES VALUES(1,'ROLE_USER','han')
COMMIT
DISCONNECT
/*C3*/SET SCHEMA PUBLIC
DISCONNECT
